# Server version 0.08 running on 192.168.2.247:8123
# Game ID: 14
# Board class: hus.HusBoard
# Timeout: 2000
# First Move Timeout: 30000
# Date: Mon Mar 28 19:39:54 EDT 2016
# Player 1: Player-0, 'RandomHusPlayer', running on 192.168.2.247
# Player 2: Player-1, 'xxxxxxxxx', running on 192.168.2.247
START Player-0 RandomHusPlayer
START Player-1 xxxxxxxxx
PIT 0 3
PIT 1 15
PIT 0 9
PIT 1 12
PIT 0 1
PIT 1 19
PIT 0 18
PIT 1 26
PIT 0 0
PIT 1 24
PIT 0 4
PIT 1 18
PIT 0 3
PIT 1 2
PIT 0 26
PIT 1 21
PIT 0 7
PIT 1 26
PIT 0 24
PIT 1 16
PIT 0 11
PIT 1 20
PIT 0 9
PIT 1 9
PIT 0 20
PIT 1 0
PIT 0 10
PIT 1 1
PIT 0 11
PIT 1 30
PIT 0 14
PIT 1 16
GAMEOVER WINNER 1
# Game ended: Mon Mar 28 19:40:14 EDT 2016
