# Server version 0.08 running on 192.168.2.247:8123
# Game ID: 27
# Board class: hus.HusBoard
# Timeout: 2000
# First Move Timeout: 30000
# Date: Mon Mar 28 20:59:09 EDT 2016
# Player 1: Player-0, 'RandomHusPlayer', running on 192.168.2.247
# Player 2: Player-1, 'xxxxxxxxx', running on 192.168.2.247
START Player-0 RandomHusPlayer
START Player-1 xxxxxxxxx
PIT 0 16
PIT 1 2
PIT 0 4
PIT 1 0
PIT 0 20
PIT 1 18
PIT 0 23
PIT 1 25
PIT 0 28
PIT 1 28
PIT 0 31
PIT 1 31
PIT 0 29
PIT 1 29
PIT 0 3
PIT 1 6
PIT 0 19
PIT 1 20
PIT 0 12
PIT 1 30
PIT 0 2
PIT 1 17
PIT 0 13
PIT 1 29
GAMEOVER WINNER 1
# Game ended: Mon Mar 28 20:59:23 EDT 2016
